TN:
SF:server\index.ts
FN:17,(anonymous_14)
FN:34,(anonymous_17)
FN:53,(anonymous_20)
FN:67,(anonymous_21)
FNF:4
FNH:2
FNDA:2,(anonymous_14)
FNDA:0,(anonymous_17)
FNDA:0,(anonymous_20)
FNDA:1,(anonymous_21)
DA:1,1
DA:2,1
DA:3,1
DA:4,1
DA:5,1
DA:6,1
DA:7,1
DA:8,1
DA:10,1
DA:11,1
DA:12,1
DA:14,1
DA:15,1
DA:17,1
DA:19,1
DA:20,2
DA:27,0
DA:31,1
DA:32,1
DA:33,0
DA:34,0
DA:35,0
DA:36,0
DA:37,0
DA:38,0
DA:44,1
DA:45,0
DA:48,1
DA:49,1
DA:50,1
DA:51,1
DA:52,1
DA:53,1
DA:54,0
DA:56,1
DA:58,1
DA:60,1
DA:65,1
DA:67,1
LF:39
LH:30
BRDA:19,0,0,1
BRDA:19,0,1,0
BRDA:32,1,0,0
BRDA:32,1,1,1
BRDA:35,2,0,0
BRDA:37,3,0,0
BRDA:37,3,1,0
BRDA:37,4,0,0
BRDA:37,4,1,0
BRDA:44,5,0,0
BRDA:44,5,1,1
BRDA:58,6,0,1
BRDA:58,6,1,1
BRF:13
BRH:5
end_of_record
TN:
SF:server\template.ts
FN:1,(anonymous_0)
FNF:1
FNH:0
FNDA:0,(anonymous_0)
DA:1,1
LF:1
LH:1
BRF:0
BRH:0
end_of_record
TN:
SF:server\models\User.ts
FN:39,(anonymous_16)
FN:40,(anonymous_18)
FN:48,(anonymous_21)
FN:63,(anonymous_24)
FNF:4
FNH:4
FNDA:1,(anonymous_16)
FNDA:3,(anonymous_18)
FNDA:1,(anonymous_21)
FNDA:5,(anonymous_24)
DA:1,1
DA:2,1
DA:3,1
DA:4,1
DA:6,1
DA:39,1
DA:40,1
DA:44,3
DA:45,3
DA:48,1
DA:49,1
DA:51,1
DA:56,1
DA:58,1
DA:60,1
DA:61,1
DA:62,1
DA:64,5
DA:65,5
DA:66,5
DA:67,5
DA:71,1
LF:22
LH:22
BRDA:44,0,0,3
BRDA:49,1,0,1
BRF:2
BRH:2
end_of_record
TN:
SF:server\routers\authRouter.ts
FNF:0
FNH:0
DA:1,1
DA:2,1
DA:3,1
DA:5,1
DA:7,1
DA:8,1
DA:9,1
DA:11,1
LF:8
LH:8
BRF:0
BRH:0
end_of_record
TN:
SF:server\routers\userRouter.ts
FNF:0
FNH:0
DA:1,1
DA:2,1
DA:3,1
DA:12,1
DA:14,1
DA:16,1
DA:23,1
LF:7
LH:7
BRF:0
BRH:0
end_of_record
TN:
SF:server\services\authService.ts
FN:6,(anonymous_14)
FN:6,(anonymous_15)
FN:38,(anonymous_17)
FN:38,(anonymous_18)
FN:57,(anonymous_20)
FN:57,(anonymous_21)
FNF:6
FNH:6
FNDA:8,(anonymous_14)
FNDA:8,(anonymous_15)
FNDA:3,(anonymous_17)
FNDA:3,(anonymous_18)
FNDA:2,(anonymous_20)
FNDA:2,(anonymous_21)
DA:2,1
DA:3,1
DA:4,1
DA:6,8
DA:7,8
DA:9,8
DA:10,2
DA:13,6
DA:15,6
DA:16,3
DA:17,0
DA:19,3
DA:24,3
DA:30,3
DA:35,3
DA:38,3
DA:39,3
DA:41,3
DA:43,1
DA:47,1
DA:48,1
DA:54,1
DA:57,2
DA:58,2
DA:59,2
LF:25
LH:24
BRDA:9,0,0,2
BRDA:9,0,1,6
BRDA:9,1,0,8
BRDA:9,1,1,7
BRDA:15,2,0,3
BRDA:15,2,1,3
BRDA:16,3,0,0
BRDA:16,3,1,3
BRDA:41,4,0,2
BRDA:41,4,1,1
BRF:10
BRH:9
end_of_record
TN:
SF:server\services\userServices.ts
FN:11,(anonymous_14)
FN:11,(anonymous_15)
FN:16,(anonymous_17)
FN:16,(anonymous_18)
FN:28,(anonymous_20)
FN:31,(anonymous_21)
FN:53,(anonymous_23)
FN:53,(anonymous_24)
FN:57,(anonymous_26)
FN:57,(anonymous_27)
FN:71,(anonymous_29)
FN:71,(anonymous_30)
FNF:12
FNH:2
FNDA:0,(anonymous_14)
FNDA:0,(anonymous_15)
FNDA:1,(anonymous_17)
FNDA:1,(anonymous_18)
FNDA:0,(anonymous_20)
FNDA:0,(anonymous_21)
FNDA:0,(anonymous_23)
FNDA:0,(anonymous_24)
FNDA:0,(anonymous_26)
FNDA:0,(anonymous_27)
FNDA:0,(anonymous_29)
FNDA:0,(anonymous_30)
DA:2,1
DA:3,1
DA:4,1
DA:5,1
DA:11,1
DA:12,0
DA:13,0
DA:16,1
DA:17,1
DA:19,1
DA:20,0
DA:23,1
DA:25,1
DA:28,1
DA:31,0
DA:33,0
DA:35,0
DA:37,0
DA:38,0
DA:39,0
DA:41,0
DA:42,0
DA:44,0
DA:48,0
DA:49,0
DA:50,0
DA:53,1
DA:54,0
DA:57,1
DA:58,0
DA:59,0
DA:61,0
DA:64,0
DA:65,0
DA:67,0
DA:68,0
DA:71,1
DA:72,0
DA:73,0
LF:39
LH:14
BRDA:12,0,0,0
BRDA:19,1,0,0
BRDA:19,1,1,1
BRDA:19,2,0,1
BRDA:19,2,1,1
BRDA:19,2,2,1
BRDA:37,3,0,0
BRDA:37,3,1,0
BRDA:39,4,0,0
BRDA:39,4,1,0
BRDA:42,5,0,0
BRDA:42,5,1,0
BRDA:48,6,0,0
BRDA:48,6,1,0
BRDA:67,7,0,0
BRDA:59,8,0,0
BRDA:59,8,1,0
BRDA:64,9,0,0
BRDA:64,9,1,0
BRDA:72,10,0,0
BRF:20
BRH:4
end_of_record
TN:
SF:server\utils\Error.ts
FN:1,(anonymous_6)
FN:4,CustomError
FNF:2
FNH:2
FNDA:1,(anonymous_6)
FNDA:7,CustomError
DA:1,1
DA:5,7
DA:6,7
DA:8,1
LF:4
LH:4
BRDA:5,0,0,7
BRDA:5,0,1,0
BRF:2
BRH:1
end_of_record
TN:
SF:server\utils\autoCatch.ts
FN:3,(anonymous_0)
FN:4,(anonymous_1)
FNF:2
FNH:2
FNDA:9,(anonymous_0)
FNDA:14,(anonymous_1)
DA:3,1
DA:4,9
DA:5,14
LF:3
LH:3
BRF:0
BRH:0
end_of_record
TN:
SF:server\utils\errorHandler.ts
FN:4,(anonymous_0)
FNF:1
FNH:1
FNDA:7,(anonymous_0)
DA:4,1
DA:11,7
DA:12,7
DA:13,7
LF:4
LH:4
BRDA:11,0,0,0
BRDA:11,0,1,7
BRDA:12,1,0,0
BRDA:12,1,1,7
BRDA:13,2,0,7
BRDA:13,2,1,0
BRF:6
BRH:3
end_of_record
TN:
SF:tests\helpers.ts
FN:1,(anonymous_15)
FN:5,(anonymous_16)
FN:14,(anonymous_18)
FN:17,(anonymous_19)
FN:29,(anonymous_21)
FN:33,(anonymous_22)
FNF:6
FNH:4
FNDA:1,(anonymous_15)
FNDA:1,(anonymous_16)
FNDA:8,(anonymous_18)
FNDA:8,(anonymous_19)
FNDA:0,(anonymous_21)
FNDA:0,(anonymous_22)
DA:1,1
DA:5,1
DA:7,1
DA:11,1
DA:14,1
DA:17,8
DA:19,8
DA:23,8
DA:26,8
DA:29,1
DA:33,0
DA:35,0
DA:39,0
LF:13
LH:10
BRDA:7,0,0,1
BRDA:19,1,0,8
BRDA:24,2,0,5
BRDA:24,2,1,3
BRDA:35,3,0,0
BRF:5
BRH:4
end_of_record
